info it worked if it ends with ok
verbose cli [ 'nodejs', '/usr/bin/npm', 'install', 'sass' ]
info using npm@1.1.19
info using node@v0.6.18
verbose config file /home/saltshac/.npmrc
verbose config file /usr/etc/npmrc
verbose config file /usr/lib/nodejs/npm/npmrc
verbose cache add [ 'sass', null ]
silly cache add: name, spec, args [ undefined, 'sass', [ 'sass', null ] ]
verbose parsed url { pathname: 'sass', path: 'sass', href: 'sass' }
verbose addNamed [ 'sass', '' ]
verbose addNamed [ null, '' ]
silly name, range, hasData [ 'sass', '', false ]
verbose raw, before any munging sass
verbose url resolving [ 'https://registry.npmjs.org/', './sass' ]
verbose url resolved https://registry.npmjs.org/sass
http GET https://registry.npmjs.org/sass
ERR! Error: SSL Error: CERT_UNTRUSTED
ERR!     at ClientRequest.<anonymous> (/usr/lib/nodejs/request/main.js:409:26)
ERR!     at ClientRequest.g (events.js:156:14)
ERR!     at ClientRequest.emit (events.js:67:17)
ERR!     at HTTPParser.parserOnIncomingClient [as onIncoming] (http.js:1256:7)
ERR!     at HTTPParser.parserOnHeadersComplete [as onHeadersComplete] (http.js:91:29)
ERR!     at CleartextStream.socketOnData [as ondata] (http.js:1288:20)
ERR!     at CleartextStream._push (tls.js:375:27)
ERR!     at SecurePair.cycle (tls.js:734:20)
ERR!     at EncryptedStream.write (tls.js:130:13)
ERR!     at Socket.ondata (stream.js:38:26)
ERR! You may report this log at:
ERR!     <http://github.com/isaacs/npm/issues>
ERR! or email it to:
ERR!     <npm-@googlegroups.com>
ERR! 
ERR! System Linux 2.6.32-358.11.1.el6.x86_64
ERR! command "nodejs" "/usr/bin/npm" "install" "sass"
ERR! cwd /home/saltshac/public_html/stage
ERR! node -v v0.6.18
ERR! npm -v 1.1.19
ERR! message SSL Error: CERT_UNTRUSTED
verbose exit [ 1, true ]
